  FCFS.cpp
  abstract_sch.cpp
C:\Users\George\source\repos\OS_CPU_Scheduler_Simulator\OS_CPU_Schedulars\OS_CPU_Schedulars\Definitions.h(5,15): error C2065: 'Process': undeclared identifier
  (compiling source file 'FCFS.cpp')
  
C:\Users\George\source\repos\OS_CPU_Scheduler_Simulator\OS_CPU_Schedulars\OS_CPU_Schedulars\Definitions.h(5,8): error C2923: 'std::vector': 'Process' is not a valid template type argument for parameter '_Ty'
  (compiling source file 'FCFS.cpp')
  C:\Users\George\source\repos\OS_CPU_Scheduler_Simulator\OS_CPU_Schedulars\OS_CPU_Schedulars\Definitions.h(5,15):
  see declaration of 'Process'
  
C:\Users\George\source\repos\OS_CPU_Scheduler_Simulator\OS_CPU_Schedulars\OS_CPU_Schedulars\Definitions.h(5,8): error C2976: 'std::vector': too few template arguments
  (compiling source file 'FCFS.cpp')
  D:\programs lol\Microsoft Visual Studio\2022\Community\VC\Tools\MSVC\14.38.33130\include\vector(436,1):
  see declaration of 'std::vector'
  
C:\Users\George\source\repos\OS_CPU_Scheduler_Simulator\OS_CPU_Schedulars\OS_CPU_Schedulars\Definitions.h(102,79): error C2614: 'Scheduler': illegal member initialization: 'Job_Q' is not a base or member
  (compiling source file 'FCFS.cpp')
  
C:\Users\George\source\repos\OS_CPU_Scheduler_Simulator\OS_CPU_Schedulars\OS_CPU_Schedulars\Definitions.h(5,15): error C2065: 'Process': undeclared identifier
  (compiling source file 'abstract_sch.cpp')
  
C:\Users\George\source\repos\OS_CPU_Scheduler_Simulator\OS_CPU_Schedulars\OS_CPU_Schedulars\Definitions.h(5,8): error C2923: 'std::vector': 'Process' is not a valid template type argument for parameter '_Ty'
  (compiling source file 'abstract_sch.cpp')
  C:\Users\George\source\repos\OS_CPU_Scheduler_Simulator\OS_CPU_Schedulars\OS_CPU_Schedulars\Definitions.h(5,15):
  see declaration of 'Process'
  
C:\Users\George\source\repos\OS_CPU_Scheduler_Simulator\OS_CPU_Schedulars\OS_CPU_Schedulars\Definitions.h(5,8): error C2976: 'std::vector': too few template arguments
  (compiling source file 'abstract_sch.cpp')
  D:\programs lol\Microsoft Visual Studio\2022\Community\VC\Tools\MSVC\14.38.33130\include\vector(436,1):
  see declaration of 'std::vector'
  
C:\Users\George\source\repos\OS_CPU_Scheduler_Simulator\OS_CPU_Schedulars\OS_CPU_Schedulars\Definitions.h(102,79): error C2614: 'Scheduler': illegal member initialization: 'Job_Q' is not a base or member
  (compiling source file 'abstract_sch.cpp')
  
C:\Users\George\source\repos\OS_CPU_Scheduler_Simulator\OS_CPU_Schedulars\OS_CPU_Schedulars\abstract_sch.cpp(3,17): error C2371: 'Job_Q': redefinition; different basic types
  C:\Users\George\source\repos\OS_CPU_Scheduler_Simulator\OS_CPU_Schedulars\OS_CPU_Schedulars\Definitions.h(5,24):
  see declaration of 'Job_Q'
  
  Priority_Non_Preemptive.cpp
C:\Users\George\source\repos\OS_CPU_Scheduler_Simulator\OS_CPU_Schedulars\OS_CPU_Schedulars\Definitions.h(5,15): error C2065: 'Process': undeclared identifier
  (compiling source file 'Priority_Non_Preemptive.cpp')
  
C:\Users\George\source\repos\OS_CPU_Scheduler_Simulator\OS_CPU_Schedulars\OS_CPU_Schedulars\Definitions.h(5,8): error C2923: 'std::vector': 'Process' is not a valid template type argument for parameter '_Ty'
  (compiling source file 'Priority_Non_Preemptive.cpp')
  C:\Users\George\source\repos\OS_CPU_Scheduler_Simulator\OS_CPU_Schedulars\OS_CPU_Schedulars\Definitions.h(5,15):
  see declaration of 'Process'
  
C:\Users\George\source\repos\OS_CPU_Scheduler_Simulator\OS_CPU_Schedulars\OS_CPU_Schedulars\Definitions.h(5,8): error C2976: 'std::vector': too few template arguments
  (compiling source file 'Priority_Non_Preemptive.cpp')
  D:\programs lol\Microsoft Visual Studio\2022\Community\VC\Tools\MSVC\14.38.33130\include\vector(436,1):
  see declaration of 'std::vector'
  
C:\Users\George\source\repos\OS_CPU_Scheduler_Simulator\OS_CPU_Schedulars\OS_CPU_Schedulars\Definitions.h(102,79): error C2614: 'Scheduler': illegal member initialization: 'Job_Q' is not a base or member
  (compiling source file 'Priority_Non_Preemptive.cpp')
  
  Priority_Preemptive.cpp
C:\Users\George\source\repos\OS_CPU_Scheduler_Simulator\OS_CPU_Schedulars\OS_CPU_Schedulars\Definitions.h(5,15): error C2065: 'Process': undeclared identifier
  (compiling source file 'Priority_Preemptive.cpp')
  
C:\Users\George\source\repos\OS_CPU_Scheduler_Simulator\OS_CPU_Schedulars\OS_CPU_Schedulars\Definitions.h(5,8): error C2923: 'std::vector': 'Process' is not a valid template type argument for parameter '_Ty'
  (compiling source file 'Priority_Preemptive.cpp')
  C:\Users\George\source\repos\OS_CPU_Scheduler_Simulator\OS_CPU_Schedulars\OS_CPU_Schedulars\Definitions.h(5,15):
  see declaration of 'Process'
  
C:\Users\George\source\repos\OS_CPU_Scheduler_Simulator\OS_CPU_Schedulars\OS_CPU_Schedulars\Definitions.h(5,8): error C2976: 'std::vector': too few template arguments
  (compiling source file 'Priority_Preemptive.cpp')
  D:\programs lol\Microsoft Visual Studio\2022\Community\VC\Tools\MSVC\14.38.33130\include\vector(436,1):
  see declaration of 'std::vector'
  
C:\Users\George\source\repos\OS_CPU_Scheduler_Simulator\OS_CPU_Schedulars\OS_CPU_Schedulars\Definitions.h(102,79): error C2614: 'Scheduler': illegal member initialization: 'Job_Q' is not a base or member
  (compiling source file 'Priority_Preemptive.cpp')
  
  RR.cpp
C:\Users\George\source\repos\OS_CPU_Scheduler_Simulator\OS_CPU_Schedulars\OS_CPU_Schedulars\Definitions.h(5,15): error C2065: 'Process': undeclared identifier
  (compiling source file 'RR.cpp')
  
C:\Users\George\source\repos\OS_CPU_Scheduler_Simulator\OS_CPU_Schedulars\OS_CPU_Schedulars\Definitions.h(5,8): error C2923: 'std::vector': 'Process' is not a valid template type argument for parameter '_Ty'
  (compiling source file 'RR.cpp')
  C:\Users\George\source\repos\OS_CPU_Scheduler_Simulator\OS_CPU_Schedulars\OS_CPU_Schedulars\Definitions.h(5,15):
  see declaration of 'Process'
  
C:\Users\George\source\repos\OS_CPU_Scheduler_Simulator\OS_CPU_Schedulars\OS_CPU_Schedulars\Definitions.h(5,8): error C2976: 'std::vector': too few template arguments
  (compiling source file 'RR.cpp')
  D:\programs lol\Microsoft Visual Studio\2022\Community\VC\Tools\MSVC\14.38.33130\include\vector(436,1):
  see declaration of 'std::vector'
  
C:\Users\George\source\repos\OS_CPU_Scheduler_Simulator\OS_CPU_Schedulars\OS_CPU_Schedulars\Definitions.h(102,79): error C2614: 'Scheduler': illegal member initialization: 'Job_Q' is not a base or member
  (compiling source file 'RR.cpp')
  
  SJF_Preemptive.cpp
C:\Users\George\source\repos\OS_CPU_Scheduler_Simulator\OS_CPU_Schedulars\OS_CPU_Schedulars\Definitions.h(5,15): error C2065: 'Process': undeclared identifier
  (compiling source file 'SJF_Preemptive.cpp')
  
C:\Users\George\source\repos\OS_CPU_Scheduler_Simulator\OS_CPU_Schedulars\OS_CPU_Schedulars\Definitions.h(5,8): error C2923: 'std::vector': 'Process' is not a valid template type argument for parameter '_Ty'
  (compiling source file 'SJF_Preemptive.cpp')
  C:\Users\George\source\repos\OS_CPU_Scheduler_Simulator\OS_CPU_Schedulars\OS_CPU_Schedulars\Definitions.h(5,15):
  see declaration of 'Process'
  
C:\Users\George\source\repos\OS_CPU_Scheduler_Simulator\OS_CPU_Schedulars\OS_CPU_Schedulars\Definitions.h(5,8): error C2976: 'std::vector': too few template arguments
  (compiling source file 'SJF_Preemptive.cpp')
  D:\programs lol\Microsoft Visual Studio\2022\Community\VC\Tools\MSVC\14.38.33130\include\vector(436,1):
  see declaration of 'std::vector'
  
C:\Users\George\source\repos\OS_CPU_Scheduler_Simulator\OS_CPU_Schedulars\OS_CPU_Schedulars\Definitions.h(102,79): error C2614: 'Scheduler': illegal member initialization: 'Job_Q' is not a base or member
  (compiling source file 'SJF_Preemptive.cpp')
  
  SJF_Non_Preemptive.cpp
C:\Users\George\source\repos\OS_CPU_Scheduler_Simulator\OS_CPU_Schedulars\OS_CPU_Schedulars\Definitions.h(5,15): error C2065: 'Process': undeclared identifier
  (compiling source file 'SJF_Non_Preemptive.cpp')
  
C:\Users\George\source\repos\OS_CPU_Scheduler_Simulator\OS_CPU_Schedulars\OS_CPU_Schedulars\Definitions.h(5,8): error C2923: 'std::vector': 'Process' is not a valid template type argument for parameter '_Ty'
  (compiling source file 'SJF_Non_Preemptive.cpp')
  C:\Users\George\source\repos\OS_CPU_Scheduler_Simulator\OS_CPU_Schedulars\OS_CPU_Schedulars\Definitions.h(5,15):
  see declaration of 'Process'
  
C:\Users\George\source\repos\OS_CPU_Scheduler_Simulator\OS_CPU_Schedulars\OS_CPU_Schedulars\Definitions.h(5,8): error C2976: 'std::vector': too few template arguments
  (compiling source file 'SJF_Non_Preemptive.cpp')
  D:\programs lol\Microsoft Visual Studio\2022\Community\VC\Tools\MSVC\14.38.33130\include\vector(436,1):
  see declaration of 'std::vector'
  
C:\Users\George\source\repos\OS_CPU_Scheduler_Simulator\OS_CPU_Schedulars\OS_CPU_Schedulars\Definitions.h(102,79): error C2614: 'Scheduler': illegal member initialization: 'Job_Q' is not a base or member
  (compiling source file 'SJF_Non_Preemptive.cpp')
  
C:\Users\George\source\repos\OS_CPU_Scheduler_Simulator\OS_CPU_Schedulars\OS_CPU_Schedulars\SJF_Non_Preemptive.cpp(8,28): warning C4390: ';': empty controlled statement found; is this the intent?
C:\Users\George\source\repos\OS_CPU_Scheduler_Simulator\OS_CPU_Schedulars\OS_CPU_Schedulars\SJF_Non_Preemptive.cpp(10,33): warning C4390: ';': empty controlled statement found; is this the intent?
  Generating Code...
